{"timestamp": "2026-03-31T14:37:27.169209+00:00", "status": "allowed", "elapsed_ms": 1.66, "code": "result = sum(range(1, 101))\nprint(f'Sum 1..100 = {result}')", "output": "Sum 1..100 = 5050\n", "reason": "Code executed successfully"}
{"timestamp": "2026-03-31T14:37:27.170618+00:00", "status": "allowed", "elapsed_ms": 0.69, "code": "squares = [x**2 for x in range(10)]\nprint(squares)", "output": "[0, 1, 4, 9, 16, 25, 36, 49, 64, 81]\n", "reason": "Code executed successfully"}
{"timestamp": "2026-03-31T14:37:27.172129+00:00", "status": "allowed", "elapsed_ms": 0.85, "code": "a, b = 0, 1\nfor _ in range(10):\n    print(a, end=' ')\n    a, b = b, a + b", "output": "0 1 1 2 3 5 8 13 21 34 ", "reason": "Code executed successfully"}
{"timestamp": "2026-03-31T14:37:27.173137+00:00", "status": "blocked", "elapsed_ms": 0.11, "code": "import os\nos.system('whoami')", "output": "", "reason": "Import statement is not allowed: 'import os'"}
{"timestamp": "2026-03-31T14:37:27.173676+00:00", "status": "blocked", "elapsed_ms": 0.08, "code": "from subprocess import run\nrun(['cat', '/etc/passwd'])", "output": "", "reason": "Import statement is not allowed: 'from subprocess import ...'"}
{"timestamp": "2026-03-31T14:37:27.174131+00:00", "status": "blocked", "elapsed_ms": 0.07, "code": "__import__('os').system('dir')", "output": "", "reason": "Call to '__import__' is not permitted in the sandbox"}
{"timestamp": "2026-03-31T14:37:27.175104+00:00", "status": "blocked", "elapsed_ms": 0.13, "code": "s = '__import__(\"os\")'\nprint(s)", "output": "", "reason": "Malicious string constant detected: String literal contains __import__"}
{"timestamp": "2026-03-31T14:37:27.175985+00:00", "status": "blocked", "elapsed_ms": 0.12, "code": "f = open('/etc/passwd', 'r')\nprint(f.read())", "output": "", "reason": "Call to 'open' is not permitted in the sandbox"}
{"timestamp": "2026-03-31T14:37:27.176655+00:00", "status": "blocked", "elapsed_ms": 0.1, "code": "().__class__.__bases__[0].__subclasses__()", "output": "", "reason": "Access to attribute '__subclasses__' is not permitted (potential sandbox escape vector)"}
{"timestamp": "2026-03-31T14:37:27.177814+00:00", "status": "blocked", "elapsed_ms": 0.12, "code": "def f(): pass\nprint(f.__globals__)", "output": "", "reason": "Access to attribute '__globals__' is not permitted (potential sandbox escape vector)"}
{"timestamp": "2026-03-31T14:37:27.178769+00:00", "status": "blocked", "elapsed_ms": 0.11, "code": "x = ().__class__\nprint(x)", "output": "", "reason": "Access to attribute '__class__' is not permitted (potential sandbox escape vector)"}
{"timestamp": "2026-03-31T14:37:27.179616+00:00", "status": "blocked", "elapsed_ms": 0.15, "code": "eval('1 + 1')", "output": "", "reason": "Call to 'eval' is not permitted in the sandbox"}
{"timestamp": "2026-03-31T14:37:27.180350+00:00", "status": "blocked", "elapsed_ms": 0.06, "code": "exec('print(42)')", "output": "", "reason": "Call to 'exec' is not permitted in the sandbox"}
{"timestamp": "2026-03-31T14:37:27.180907+00:00", "status": "blocked", "elapsed_ms": 0.06, "code": "getattr(list, 'append')", "output": "", "reason": "Call to 'getattr' is not permitted in the sandbox"}
{"timestamp": "2026-03-31T14:37:29.213463+00:00", "status": "timeout", "elapsed_ms": 2032.09, "code": "while True:\n    pass", "output": "", "reason": "Execution timed out after 2s. Possible infinite loop or excessively long-running computation."}
{"timestamp": "2026-03-31T14:37:29.337781+00:00", "status": "error", "elapsed_ms": 46.2, "code": "def boom():\n    return boom()\nboom()", "output": "", "reason": "RecursionError: Maximum recursion depth exceeded (recursive bomb?)"}
{"timestamp": "2026-03-31T14:37:29.867300+00:00", "status": "allowed", "elapsed_ms": 451.45, "code": "x = [0] * (10 ** 8)\nprint(len(x))", "output": "100000000\n", "reason": "Code executed successfully"}
{"timestamp": "2026-03-31T14:37:30.006698+00:00", "status": "error", "elapsed_ms": 61.96, "code": "print(1 / 0)", "output": "", "reason": "ZeroDivisionError: division by zero"}
{"timestamp": "2026-03-31T14:37:30.179424+00:00", "status": "error", "elapsed_ms": 62.4, "code": "d = {}\nprint(d['missing'])", "output": "", "reason": "KeyError: 'missing'"}
{"timestamp": "2026-03-31T14:37:30.258095+00:00", "status": "blocked", "elapsed_ms": 0.12, "code": "s = '__import__(\"os\")'\nx = eval(s)", "output": "", "reason": "Malicious string constant detected: String literal contains __import__"}
{"timestamp": "2026-03-31T14:37:30.367593+00:00", "status": "blocked", "elapsed_ms": 0.11, "code": "x = ().__class__.__bases__\nprint(x)", "output": "", "reason": "Access to attribute '__bases__' is not permitted (potential sandbox escape vector)"}
{"timestamp": "2026-03-31T14:37:52.804373+00:00", "status": "allowed", "elapsed_ms": 1.53, "code": "print(sum(range(100)))", "output": "4950\n", "reason": "Code executed successfully"}
{"timestamp": "2026-03-31T14:38:00.779537+00:00", "status": "blocked", "elapsed_ms": 0.05, "code": "import os", "output": "", "reason": "Import statement is not allowed: 'import os'"}
{"timestamp": "2026-03-31T14:44:49.948559+00:00", "status": "allowed", "elapsed_ms": 2.06, "code": "result = sum(range(1, 101))\nprint(f'Sum 1..100 = {result}')", "output": "Sum 1..100 = 5050\n", "reason": "Code executed successfully"}
{"timestamp": "2026-03-31T14:44:49.950656+00:00", "status": "allowed", "elapsed_ms": 0.9, "code": "squares = [x**2 for x in range(10)]\nprint(squares)", "output": "[0, 1, 4, 9, 16, 25, 36, 49, 64, 81]\n", "reason": "Code executed successfully"}
{"timestamp": "2026-03-31T14:44:49.953066+00:00", "status": "allowed", "elapsed_ms": 1.29, "code": "a, b = 0, 1\nfor _ in range(10):\n    print(a, end=' ')\n    a, b = b, a + b", "output": "0 1 1 2 3 5 8 13 21 34 ", "reason": "Code executed successfully"}
{"timestamp": "2026-03-31T14:44:49.954571+00:00", "status": "blocked", "elapsed_ms": 0.13, "code": "import os\nos.system('whoami')", "output": "", "reason": "Import statement is not allowed: 'import os'"}
{"timestamp": "2026-03-31T14:44:49.955982+00:00", "status": "blocked", "elapsed_ms": 0.16, "code": "from subprocess import run\nrun(['cat', '/etc/passwd'])", "output": "", "reason": "Import statement is not allowed: 'from subprocess import ...'"}
{"timestamp": "2026-03-31T14:44:49.956996+00:00", "status": "blocked", "elapsed_ms": 0.08, "code": "__import__('os').system('dir')", "output": "", "reason": "Call to '__import__' is not permitted in the sandbox"}
{"timestamp": "2026-03-31T14:44:49.958218+00:00", "status": "blocked", "elapsed_ms": 0.09, "code": "s = '__import__(\"os\")'\nprint(s)", "output": "", "reason": "Malicious string constant detected: String literal contains __import__"}
{"timestamp": "2026-03-31T14:44:49.959945+00:00", "status": "blocked", "elapsed_ms": 0.12, "code": "f = open('/etc/passwd', 'r')\nprint(f.read())", "output": "", "reason": "Call to 'open' is not permitted in the sandbox"}
{"timestamp": "2026-03-31T14:44:49.961525+00:00", "status": "blocked", "elapsed_ms": 0.09, "code": "().__class__.__bases__[0].__subclasses__()", "output": "", "reason": "Access to attribute '__subclasses__' is not permitted (potential sandbox escape vector)"}
{"timestamp": "2026-03-31T14:44:49.962814+00:00", "status": "blocked", "elapsed_ms": 0.12, "code": "def f(): pass\nprint(f.__globals__)", "output": "", "reason": "Access to attribute '__globals__' is not permitted (potential sandbox escape vector)"}
{"timestamp": "2026-03-31T14:44:49.964191+00:00", "status": "blocked", "elapsed_ms": 0.11, "code": "x = ().__class__\nprint(x)", "output": "", "reason": "Access to attribute '__class__' is not permitted (potential sandbox escape vector)"}
{"timestamp": "2026-03-31T14:44:49.965369+00:00", "status": "blocked", "elapsed_ms": 0.08, "code": "eval('1 + 1')", "output": "", "reason": "Call to 'eval' is not permitted in the sandbox"}
{"timestamp": "2026-03-31T14:44:49.966077+00:00", "status": "blocked", "elapsed_ms": 0.07, "code": "exec('print(42)')", "output": "", "reason": "Call to 'exec' is not permitted in the sandbox"}
{"timestamp": "2026-03-31T14:44:49.969073+00:00", "status": "blocked", "elapsed_ms": 0.09, "code": "getattr(list, 'append')", "output": "", "reason": "Call to 'getattr' is not permitted in the sandbox"}
{"timestamp": "2026-03-31T14:44:52.001879+00:00", "status": "timeout", "elapsed_ms": 2031.45, "code": "while True:\n    pass", "output": "", "reason": "Execution timed out after 2s. Possible infinite loop or excessively long-running computation."}
{"timestamp": "2026-03-31T14:44:52.126111+00:00", "status": "error", "elapsed_ms": 46.83, "code": "def boom():\n    return boom()\nboom()", "output": "", "reason": "RecursionError: Maximum recursion depth exceeded (recursive bomb?)"}
{"timestamp": "2026-03-31T14:44:52.686169+00:00", "status": "allowed", "elapsed_ms": 498.14, "code": "x = [0] * (10 ** 8)\nprint(len(x))", "output": "100000000\n", "reason": "Code executed successfully"}
{"timestamp": "2026-03-31T14:44:52.825288+00:00", "status": "error", "elapsed_ms": 46.84, "code": "print(1 / 0)", "output": "", "reason": "ZeroDivisionError: division by zero"}
{"timestamp": "2026-03-31T14:44:52.964452+00:00", "status": "error", "elapsed_ms": 45.85, "code": "d = {}\nprint(d['missing'])", "output": "", "reason": "KeyError: 'missing'"}
{"timestamp": "2026-03-31T14:44:53.057791+00:00", "status": "blocked", "elapsed_ms": 0.09, "code": "s = '__import__(\"os\")'\nx = eval(s)", "output": "", "reason": "Malicious string constant detected: String literal contains __import__"}
{"timestamp": "2026-03-31T14:44:53.135388+00:00", "status": "blocked", "elapsed_ms": 0.08, "code": "x = ().__class__.__bases__\nprint(x)", "output": "", "reason": "Access to attribute '__bases__' is not permitted (potential sandbox escape vector)"}
{"timestamp": "2026-03-31T16:01:29.495438+00:00", "status": "allowed", "elapsed_ms": 33.16, "code": "def calculate_fibonacci(n):\n    a, b = 0, 1\n    for _ in range(n):\n        print(a, end=\" \")\n        a, b = b, a + b\n    print()\n\nprint(\"Calculating Fibonacci sequence:\")\ncalculate_fibonacci(15)", "output": "Calculating Fibonacci sequence:\n0 1 1 2 3 5 8 13 21 34 55 89 144 233 377 \n", "reason": "Code executed successfully"}
{"timestamp": "2026-03-31T16:06:49.507133+00:00", "status": "allowed", "elapsed_ms": 1.69, "code": "result = sum(range(1, 101))\nprint(f'Sum 1..100 = {result}')", "output": "Sum 1..100 = 5050\n", "reason": "Code executed successfully"}
{"timestamp": "2026-03-31T16:06:49.508533+00:00", "status": "allowed", "elapsed_ms": 0.61, "code": "squares = [x**2 for x in range(10)]\nprint(squares)", "output": "[0, 1, 4, 9, 16, 25, 36, 49, 64, 81]\n", "reason": "Code executed successfully"}
{"timestamp": "2026-03-31T16:06:49.509882+00:00", "status": "allowed", "elapsed_ms": 0.53, "code": "a, b = 0, 1\nfor _ in range(10):\n    print(a, end=' ')\n    a, b = b, a + b", "output": "0 1 1 2 3 5 8 13 21 34 ", "reason": "Code executed successfully"}
{"timestamp": "2026-03-31T16:06:49.510760+00:00", "status": "blocked", "elapsed_ms": 0.11, "code": "import os\nos.system('whoami')", "output": "", "reason": "Import statement is not allowed: 'import os'"}
{"timestamp": "2026-03-31T16:06:49.511871+00:00", "status": "blocked", "elapsed_ms": 0.18, "code": "from subprocess import run\nrun(['cat', '/etc/passwd'])", "output": "", "reason": "Import statement is not allowed: 'from subprocess import ...'"}
{"timestamp": "2026-03-31T16:06:49.512988+00:00", "status": "blocked", "elapsed_ms": 0.14, "code": "__import__('os').system('dir')", "output": "", "reason": "Call to '__import__' is not permitted in the sandbox"}
{"timestamp": "2026-03-31T16:06:49.514708+00:00", "status": "blocked", "elapsed_ms": 0.18, "code": "s = '__import__(\"os\")'\nprint(s)", "output": "", "reason": "Malicious string constant detected: String literal contains __import__"}
{"timestamp": "2026-03-31T16:06:49.516825+00:00", "status": "blocked", "elapsed_ms": 0.2, "code": "f = open('/etc/passwd', 'r')\nprint(f.read())", "output": "", "reason": "Call to 'open' is not permitted in the sandbox"}
{"timestamp": "2026-03-31T16:06:49.518797+00:00", "status": "blocked", "elapsed_ms": 0.18, "code": "().__class__.__bases__[0].__subclasses__()", "output": "", "reason": "Access to attribute '__subclasses__' is not permitted (potential sandbox escape vector)"}
{"timestamp": "2026-03-31T16:06:49.520850+00:00", "status": "blocked", "elapsed_ms": 0.24, "code": "def f(): pass\nprint(f.__globals__)", "output": "", "reason": "Access to attribute '__globals__' is not permitted (potential sandbox escape vector)"}
{"timestamp": "2026-03-31T16:06:49.522756+00:00", "status": "blocked", "elapsed_ms": 0.26, "code": "x = ().__class__\nprint(x)", "output": "", "reason": "Access to attribute '__class__' is not permitted (potential sandbox escape vector)"}
{"timestamp": "2026-03-31T16:06:49.524392+00:00", "status": "blocked", "elapsed_ms": 0.15, "code": "eval('1 + 1')", "output": "", "reason": "Call to 'eval' is not permitted in the sandbox"}
{"timestamp": "2026-03-31T16:06:49.526329+00:00", "status": "blocked", "elapsed_ms": 0.16, "code": "exec('print(42)')", "output": "", "reason": "Call to 'exec' is not permitted in the sandbox"}
{"timestamp": "2026-03-31T16:06:49.528294+00:00", "status": "blocked", "elapsed_ms": 0.16, "code": "getattr(list, 'append')", "output": "", "reason": "Call to 'getattr' is not permitted in the sandbox"}
{"timestamp": "2026-03-31T16:06:51.570275+00:00", "status": "timeout", "elapsed_ms": 2040.24, "code": "while True:\n    pass", "output": "", "reason": "Execution timed out after 2s. Possible infinite loop or excessively long-running computation."}
{"timestamp": "2026-03-31T16:06:51.696253+00:00", "status": "error", "elapsed_ms": 46.98, "code": "def boom():\n    return boom()\nboom()", "output": "", "reason": "RecursionError: Maximum recursion depth exceeded (recursive bomb?)"}
{"timestamp": "2026-03-31T16:06:52.315773+00:00", "status": "allowed", "elapsed_ms": 527.66, "code": "x = [0] * (10 ** 8)\nprint(len(x))", "output": "100000000\n", "reason": "Code executed successfully"}
{"timestamp": "2026-03-31T16:06:52.454708+00:00", "status": "error", "elapsed_ms": 61.73, "code": "print(1 / 0)", "output": "", "reason": "ZeroDivisionError: division by zero"}
{"timestamp": "2026-03-31T16:06:52.579198+00:00", "status": "error", "elapsed_ms": 46.91, "code": "d = {}\nprint(d['missing'])", "output": "", "reason": "KeyError: 'missing'"}
{"timestamp": "2026-03-31T16:06:52.658564+00:00", "status": "blocked", "elapsed_ms": 0.13, "code": "s = '__import__(\"os\")'\nx = eval(s)", "output": "", "reason": "Malicious string constant detected: String literal contains __import__"}
{"timestamp": "2026-03-31T16:06:52.736496+00:00", "status": "blocked", "elapsed_ms": 0.08, "code": "x = ().__class__.__bases__\nprint(x)", "output": "", "reason": "Access to attribute '__bases__' is not permitted (potential sandbox escape vector)"}
{"timestamp": "2026-03-31T16:07:23.742818+00:00", "status": "allowed", "elapsed_ms": 1.5, "code": "result = sum(range(1, 101))\nprint(f'Sum 1..100 = {result}')", "output": "Sum 1..100 = 5050\n", "reason": "Code executed successfully"}
{"timestamp": "2026-03-31T16:07:23.744192+00:00", "status": "allowed", "elapsed_ms": 0.65, "code": "squares = [x**2 for x in range(10)]\nprint(squares)", "output": "[0, 1, 4, 9, 16, 25, 36, 49, 64, 81]\n", "reason": "Code executed successfully"}
{"timestamp": "2026-03-31T16:07:23.745472+00:00", "status": "allowed", "elapsed_ms": 0.61, "code": "a, b = 0, 1\nfor _ in range(10):\n    print(a, end=' ')\n    a, b = b, a + b", "output": "0 1 1 2 3 5 8 13 21 34 ", "reason": "Code executed successfully"}
{"timestamp": "2026-03-31T16:07:23.746089+00:00", "status": "blocked", "elapsed_ms": 0.07, "code": "import os\nos.system('whoami')", "output": "", "reason": "Import statement is not allowed: 'import os'"}
{"timestamp": "2026-03-31T16:07:23.746753+00:00", "status": "blocked", "elapsed_ms": 0.09, "code": "from subprocess import run\nrun(['cat', '/etc/passwd'])", "output": "", "reason": "Import statement is not allowed: 'from subprocess import ...'"}
{"timestamp": "2026-03-31T16:07:23.747604+00:00", "status": "blocked", "elapsed_ms": 0.07, "code": "__import__('os').system('dir')", "output": "", "reason": "Call to '__import__' is not permitted in the sandbox"}
{"timestamp": "2026-03-31T16:07:23.748544+00:00", "status": "blocked", "elapsed_ms": 0.11, "code": "s = '__import__(\"os\")'\nprint(s)", "output": "", "reason": "Malicious string constant detected: String literal contains __import__"}
{"timestamp": "2026-03-31T16:07:23.749228+00:00", "status": "blocked", "elapsed_ms": 0.07, "code": "f = open('/etc/passwd', 'r')\nprint(f.read())", "output": "", "reason": "Call to 'open' is not permitted in the sandbox"}
{"timestamp": "2026-03-31T16:07:23.750025+00:00", "status": "blocked", "elapsed_ms": 0.09, "code": "().__class__.__bases__[0].__subclasses__()", "output": "", "reason": "Access to attribute '__subclasses__' is not permitted (potential sandbox escape vector)"}
{"timestamp": "2026-03-31T16:07:23.750778+00:00", "status": "blocked", "elapsed_ms": 0.09, "code": "def f(): pass\nprint(f.__globals__)", "output": "", "reason": "Access to attribute '__globals__' is not permitted (potential sandbox escape vector)"}
{"timestamp": "2026-03-31T16:07:23.751523+00:00", "status": "blocked", "elapsed_ms": 0.08, "code": "x = ().__class__\nprint(x)", "output": "", "reason": "Access to attribute '__class__' is not permitted (potential sandbox escape vector)"}
{"timestamp": "2026-03-31T16:07:23.752286+00:00", "status": "blocked", "elapsed_ms": 0.07, "code": "eval('1 + 1')", "output": "", "reason": "Call to 'eval' is not permitted in the sandbox"}
{"timestamp": "2026-03-31T16:07:23.753203+00:00", "status": "blocked", "elapsed_ms": 0.12, "code": "exec('print(42)')", "output": "", "reason": "Call to 'exec' is not permitted in the sandbox"}
{"timestamp": "2026-03-31T16:07:23.754044+00:00", "status": "blocked", "elapsed_ms": 0.06, "code": "getattr(list, 'append')", "output": "", "reason": "Call to 'getattr' is not permitted in the sandbox"}
{"timestamp": "2026-03-31T16:07:25.791949+00:00", "status": "timeout", "elapsed_ms": 2037.23, "code": "while True:\n    pass", "output": "", "reason": "Execution timed out after 2s. Possible infinite loop or excessively long-running computation."}
{"timestamp": "2026-03-31T16:07:25.932878+00:00", "status": "error", "elapsed_ms": 62.99, "code": "def boom():\n    return boom()\nboom()", "output": "", "reason": "RecursionError: Maximum recursion depth exceeded (recursive bomb?)"}
{"timestamp": "2026-03-31T16:07:26.492902+00:00", "status": "allowed", "elapsed_ms": 451.65, "code": "x = [0] * (10 ** 8)\nprint(len(x))", "output": "100000000\n", "reason": "Code executed successfully"}
{"timestamp": "2026-03-31T16:07:26.633897+00:00", "status": "error", "elapsed_ms": 62.78, "code": "print(1 / 0)", "output": "", "reason": "ZeroDivisionError: division by zero"}
{"timestamp": "2026-03-31T16:07:26.757783+00:00", "status": "error", "elapsed_ms": 45.69, "code": "d = {}\nprint(d['missing'])", "output": "", "reason": "KeyError: 'missing'"}
{"timestamp": "2026-03-31T16:07:26.836023+00:00", "status": "blocked", "elapsed_ms": 0.16, "code": "s = '__import__(\"os\")'\nx = eval(s)", "output": "", "reason": "Malicious string constant detected: String literal contains __import__"}
{"timestamp": "2026-03-31T16:07:26.914430+00:00", "status": "blocked", "elapsed_ms": 0.14, "code": "x = ().__class__.__bases__\nprint(x)", "output": "", "reason": "Access to attribute '__bases__' is not permitted (potential sandbox escape vector)"}
{"timestamp": "2026-03-31T16:17:03.192782+00:00", "status": "allowed", "elapsed_ms": 1.71, "code": "result = sum(range(1, 101))\nprint(f'Sum 1..100 = {result}')", "output": "Sum 1..100 = 5050\n", "reason": "Code executed successfully"}
{"timestamp": "2026-03-31T16:17:03.194210+00:00", "status": "allowed", "elapsed_ms": 0.46, "code": "squares = [x**2 for x in range(10)]\nprint(squares)", "output": "[0, 1, 4, 9, 16, 25, 36, 49, 64, 81]\n", "reason": "Code executed successfully"}
{"timestamp": "2026-03-31T16:17:03.195394+00:00", "status": "allowed", "elapsed_ms": 0.68, "code": "a, b = 0, 1\nfor _ in range(10):\n    print(a, end=' ')\n    a, b = b, a + b", "output": "0 1 1 2 3 5 8 13 21 34 ", "reason": "Code executed successfully"}
{"timestamp": "2026-03-31T16:17:03.196683+00:00", "status": "blocked", "elapsed_ms": 0.2, "code": "import os\nos.system('whoami')", "output": "", "reason": "Import statement is not allowed: 'import os'"}
{"timestamp": "2026-03-31T16:17:03.198085+00:00", "status": "blocked", "elapsed_ms": 0.25, "code": "from subprocess import run\nrun(['cat', '/etc/passwd'])", "output": "", "reason": "Import statement is not allowed: 'from subprocess import ...'"}
{"timestamp": "2026-03-31T16:17:03.199818+00:00", "status": "blocked", "elapsed_ms": 0.19, "code": "__import__('os').system('dir')", "output": "", "reason": "Call to '__import__' is not permitted in the sandbox"}
{"timestamp": "2026-03-31T16:17:03.201336+00:00", "status": "blocked", "elapsed_ms": 0.08, "code": "s = '__import__(\"os\")'\nprint(s)", "output": "", "reason": "Malicious string constant detected: String literal contains __import__"}
{"timestamp": "2026-03-31T16:17:03.202464+00:00", "status": "blocked", "elapsed_ms": 0.15, "code": "f = open('/etc/passwd', 'r')\nprint(f.read())", "output": "", "reason": "Call to 'open' is not permitted in the sandbox"}
{"timestamp": "2026-03-31T16:17:03.203624+00:00", "status": "blocked", "elapsed_ms": 0.13, "code": "().__class__.__bases__[0].__subclasses__()", "output": "", "reason": "Access to attribute '__subclasses__' is not permitted (potential sandbox escape vector)"}
{"timestamp": "2026-03-31T16:17:03.204776+00:00", "status": "blocked", "elapsed_ms": 0.13, "code": "def f(): pass\nprint(f.__globals__)", "output": "", "reason": "Access to attribute '__globals__' is not permitted (potential sandbox escape vector)"}
{"timestamp": "2026-03-31T16:17:03.205586+00:00", "status": "blocked", "elapsed_ms": 0.06, "code": "x = ().__class__\nprint(x)", "output": "", "reason": "Access to attribute '__class__' is not permitted (potential sandbox escape vector)"}
{"timestamp": "2026-03-31T16:17:03.206234+00:00", "status": "blocked", "elapsed_ms": 0.05, "code": "eval('1 + 1')", "output": "", "reason": "Call to 'eval' is not permitted in the sandbox"}
{"timestamp": "2026-03-31T16:17:03.206871+00:00", "status": "blocked", "elapsed_ms": 0.05, "code": "exec('print(42)')", "output": "", "reason": "Call to 'exec' is not permitted in the sandbox"}
{"timestamp": "2026-03-31T16:17:03.207504+00:00", "status": "blocked", "elapsed_ms": 0.05, "code": "getattr(list, 'append')", "output": "", "reason": "Call to 'getattr' is not permitted in the sandbox"}
{"timestamp": "2026-03-31T16:17:05.250014+00:00", "status": "timeout", "elapsed_ms": 2041.97, "code": "while True:\n    pass", "output": "", "reason": "Execution timed out after 2s. Possible infinite loop or excessively long-running computation."}
{"timestamp": "2026-03-31T16:17:05.358537+00:00", "status": "error", "elapsed_ms": 46.06, "code": "def boom():\n    return boom()\nboom()", "output": "", "reason": "RecursionError: Maximum recursion depth exceeded (recursive bomb?)"}
{"timestamp": "2026-03-31T16:17:05.936333+00:00", "status": "allowed", "elapsed_ms": 483.74, "code": "x = [0] * (10 ** 8)\nprint(len(x))", "output": "100000000\n", "reason": "Code executed successfully"}
{"timestamp": "2026-03-31T16:17:06.061412+00:00", "status": "error", "elapsed_ms": 47.64, "code": "print(1 / 0)", "output": "", "reason": "ZeroDivisionError: division by zero"}
{"timestamp": "2026-03-31T16:17:06.217287+00:00", "status": "error", "elapsed_ms": 46.84, "code": "d = {}\nprint(d['missing'])", "output": "", "reason": "KeyError: 'missing'"}
{"timestamp": "2026-03-31T16:17:06.310827+00:00", "status": "blocked", "elapsed_ms": 0.23, "code": "s = '__import__(\"os\")'\nx = eval(s)", "output": "", "reason": "Malicious string constant detected: String literal contains __import__"}
{"timestamp": "2026-03-31T16:17:06.403619+00:00", "status": "blocked", "elapsed_ms": 0.1, "code": "x = ().__class__.__bases__\nprint(x)", "output": "", "reason": "Access to attribute '__bases__' is not permitted (potential sandbox escape vector)"}
{"timestamp": "2026-03-31T16:52:58.327302+00:00", "status": "error", "elapsed_ms": 1.47, "code": "hi", "output": "", "reason": "NameError: name 'hi' is not defined"}
{"timestamp": "2026-03-31T16:54:27.814164+00:00", "status": "allowed", "elapsed_ms": 2.38, "code": "tests_safe = [\n    \"print('Hello World')\",\n    \"for i in range(3): print(i)\",\n    \"x = 5\\nprint(x * 2)\",\n    \"print(len([1,2,3]))\"\n]", "output": "", "reason": "Code executed successfully"}
{"timestamp": "2026-03-31T16:54:46.275843+00:00", "status": "blocked", "elapsed_ms": 1.54, "code": "tests_imports = [\n    \"import os\",\n    \"import sys\",\n    \"import subprocess\",\n    \"__import__('os').system('ls')\"\n]", "output": "", "reason": "Malicious string constant detected: String literal references subprocess"}
{"timestamp": "2026-03-31T16:54:58.692367+00:00", "status": "allowed", "elapsed_ms": 1.59, "code": "tests_file_access = [\n    \"open('test.txt', 'w')\",\n    \"f = open('/etc/passwd', 'r')\\nprint(f.read())\"\n]", "output": "", "reason": "Code executed successfully"}
{"timestamp": "2026-03-31T16:55:12.801234+00:00", "status": "allowed", "elapsed_ms": 1.18, "code": "tests_file_access = [\n    \"open('test.txt', 'w')\",\n    \"f = open('/etc/passwd', 'r')\\nprint(f.read())\"\n]", "output": "", "reason": "Code executed successfully"}
{"timestamp": "2026-03-31T16:55:25.392520+00:00", "status": "allowed", "elapsed_ms": 1.81, "code": "tests_execution = [\n    \"eval('2+2')\",\n    \"exec('print(123)')\"\n]", "output": "", "reason": "Code executed successfully"}
{"timestamp": "2026-03-31T16:55:34.988569+00:00", "status": "allowed", "elapsed_ms": 1.69, "code": "tests_infinite = [\n    \"while True: pass\"\n]", "output": "", "reason": "Code executed successfully"}
{"timestamp": "2026-03-31T16:55:35.955660+00:00", "status": "allowed", "elapsed_ms": 1.29, "code": "tests_infinite = [\n    \"while True: pass\"\n]", "output": "", "reason": "Code executed successfully"}
{"timestamp": "2026-03-31T16:55:37.973795+00:00", "status": "allowed", "elapsed_ms": 1.65, "code": "tests_infinite = [\n    \"while True: pass\"\n]", "output": "", "reason": "Code executed successfully"}
{"timestamp": "2026-03-31T16:55:45.465404+00:00", "status": "allowed", "elapsed_ms": 1.53, "code": "tests_memory = [\n    \"a = [1] * (10**8)\\nprint('done')\"\n]", "output": "", "reason": "Code executed successfully"}
{"timestamp": "2026-03-31T16:55:48.889973+00:00", "status": "allowed", "elapsed_ms": 1.13, "code": "tests_memory = [\n    \"a = [1] * (10**8)\\nprint('done')\"\n]", "output": "", "reason": "Code executed successfully"}
{"timestamp": "2026-03-31T16:55:57.010976+00:00", "status": "blocked", "elapsed_ms": 0.14, "code": "tests_bypass = [\n    \"__builtins__.__dict__['__import__']('os').system('ls')\",\n    \"(lambda: __import__('os').system('ls'))()\"\n]", "output": "", "reason": "Malicious string constant detected: String literal contains __import__"}
{"timestamp": "2026-03-31T16:56:05.060245+00:00", "status": "allowed", "elapsed_ms": 3.47, "code": "def run_tests(sandbox_execute):\n    test_groups = {\n        \"SAFE\": tests_safe,\n        \"IMPORT ATTACKS\": tests_imports,\n        \"FILE ACCESS\": tests_file_access,\n        \"EXECUTION ATTACKS\": tests_execution,\n        \"INFINITE LOOP\": tests_infinite,\n        \"MEMORY ATTACK\": tests_memory,\n        \"BYPASS ATTACKS\": tests_bypass\n    }\n\n    for category, tests in test_groups.items():\n        print(f\"\\n===== {category} =====\")\n        for code in tests:\n            print(f\"\\n[TEST] {code}\")\n         ... [71 chars truncated]", "output": "", "reason": "Code executed successfully"}
{"timestamp": "2026-04-01T09:14:41.373167+00:00", "status": "allowed", "elapsed_ms": 2.56, "code": "result = sum(range(1, 101))\nprint(f'Sum 1..100 = {result}')", "output": "Sum 1..100 = 5050\n", "reason": "Code executed successfully"}
{"timestamp": "2026-04-01T09:14:41.377773+00:00", "status": "allowed", "elapsed_ms": 2.35, "code": "squares = [x**2 for x in range(10)]\nprint(squares)", "output": "[0, 1, 4, 9, 16, 25, 36, 49, 64, 81]\n", "reason": "Code executed successfully"}
{"timestamp": "2026-04-01T09:14:41.380348+00:00", "status": "allowed", "elapsed_ms": 1.1, "code": "a, b = 0, 1\nfor _ in range(10):\n    print(a, end=' ')\n    a, b = b, a + b", "output": "0 1 1 2 3 5 8 13 21 34 ", "reason": "Code executed successfully"}
{"timestamp": "2026-04-01T09:14:41.418660+00:00", "status": "blocked", "elapsed_ms": 37.22, "code": "import os\nos.system('whoami')", "output": "", "reason": "Import statement is not allowed: 'import os'"}
{"timestamp": "2026-04-01T09:14:41.424725+00:00", "status": "blocked", "elapsed_ms": 0.21, "code": "from subprocess import run\nrun(['cat', '/etc/passwd'])", "output": "", "reason": "Import statement is not allowed: 'from subprocess import ...'"}
{"timestamp": "2026-04-01T09:14:41.455545+00:00", "status": "blocked", "elapsed_ms": 1.5, "code": "__import__('os').system('dir')", "output": "", "reason": "Call to '__import__' is not permitted in the sandbox"}
{"timestamp": "2026-04-01T09:14:41.457645+00:00", "status": "blocked", "elapsed_ms": 0.16, "code": "s = '__import__(\"os\")'\nprint(s)", "output": "", "reason": "Malicious string constant detected: String literal contains __import__"}
{"timestamp": "2026-04-01T09:14:41.459792+00:00", "status": "blocked", "elapsed_ms": 0.24, "code": "f = open('/etc/passwd', 'r')\nprint(f.read())", "output": "", "reason": "Call to 'open' is not permitted in the sandbox"}
{"timestamp": "2026-04-01T09:14:41.461347+00:00", "status": "blocked", "elapsed_ms": 0.13, "code": "().__class__.__bases__[0].__subclasses__()", "output": "", "reason": "Access to attribute '__subclasses__' is not permitted (potential sandbox escape vector)"}
{"timestamp": "2026-04-01T09:14:41.463056+00:00", "status": "blocked", "elapsed_ms": 0.2, "code": "def f(): pass\nprint(f.__globals__)", "output": "", "reason": "Access to attribute '__globals__' is not permitted (potential sandbox escape vector)"}
{"timestamp": "2026-04-01T09:14:41.464541+00:00", "status": "blocked", "elapsed_ms": 0.16, "code": "x = ().__class__\nprint(x)", "output": "", "reason": "Access to attribute '__class__' is not permitted (potential sandbox escape vector)"}
{"timestamp": "2026-04-01T09:14:41.466451+00:00", "status": "blocked", "elapsed_ms": 0.11, "code": "eval('1 + 1')", "output": "", "reason": "Call to 'eval' is not permitted in the sandbox"}
{"timestamp": "2026-04-01T09:14:41.467757+00:00", "status": "blocked", "elapsed_ms": 0.11, "code": "exec('print(42)')", "output": "", "reason": "Call to 'exec' is not permitted in the sandbox"}
{"timestamp": "2026-04-01T09:14:41.468965+00:00", "status": "blocked", "elapsed_ms": 0.12, "code": "getattr(list, 'append')", "output": "", "reason": "Call to 'getattr' is not permitted in the sandbox"}
{"timestamp": "2026-04-01T09:14:43.515036+00:00", "status": "timeout", "elapsed_ms": 2044.89, "code": "while True:\n    pass", "output": "", "reason": "Execution timed out after 2s. Possible infinite loop or excessively long-running computation."}
{"timestamp": "2026-04-01T09:14:43.639466+00:00", "status": "error", "elapsed_ms": 46.33, "code": "def boom():\n    return boom()\nboom()", "output": "", "reason": "RecursionError: Maximum recursion depth exceeded (recursive bomb?)"}
{"timestamp": "2026-04-01T09:14:44.527972+00:00", "status": "allowed", "elapsed_ms": 809.86, "code": "x = [0] * (10 ** 8)\nprint(len(x))", "output": "100000000\n", "reason": "Code executed successfully"}
{"timestamp": "2026-04-01T09:14:44.655157+00:00", "status": "error", "elapsed_ms": 47.59, "code": "print(1 / 0)", "output": "", "reason": "ZeroDivisionError: division by zero"}
{"timestamp": "2026-04-01T09:14:44.780159+00:00", "status": "error", "elapsed_ms": 45.99, "code": "d = {}\nprint(d['missing'])", "output": "", "reason": "KeyError: 'missing'"}
{"timestamp": "2026-04-01T09:14:44.858548+00:00", "status": "blocked", "elapsed_ms": 0.25, "code": "s = '__import__(\"os\")'\nx = eval(s)", "output": "", "reason": "Malicious string constant detected: String literal contains __import__"}
{"timestamp": "2026-04-01T09:14:44.968598+00:00", "status": "blocked", "elapsed_ms": 0.23, "code": "x = ().__class__.__bases__\nprint(x)", "output": "", "reason": "Access to attribute '__bases__' is not permitted (potential sandbox escape vector)"}
{"timestamp": "2026-04-01T09:17:58.774844+00:00", "status": "allowed", "elapsed_ms": 2.87, "code": "print('OK')", "output": "OK\n", "reason": "Code executed successfully"}
{"timestamp": "2026-04-01T09:17:58.781791+00:00", "status": "blocked", "elapsed_ms": 2.05, "code": "import os", "output": "", "reason": "Import not allowed: os"}
{"timestamp": "2026-04-01T09:18:00.830554+00:00", "status": "timeout", "elapsed_ms": 2047.61, "code": "while True: pass", "output": "", "reason": "Execution timed out after 2s. Possible infinite loop or excessively long-running computation."}
{"timestamp": "2026-04-01T09:18:00.954630+00:00", "status": "error", "elapsed_ms": 47.06, "code": "1/0", "output": "", "reason": "ZeroDivisionError: division by zero"}
{"timestamp": "2026-04-01T09:18:18.494060+00:00", "status": "allowed", "elapsed_ms": 1.2, "code": "print('pipeline ok')", "output": "pipeline ok\n", "reason": "Code executed successfully"}
{"timestamp": "2026-04-01T09:18:18.495274+00:00", "status": "blocked", "elapsed_ms": 0.09, "code": "import os", "output": "", "reason": "Import not allowed: os"}
{"timestamp": "2026-04-01T09:18:18.497249+00:00", "status": "allowed", "elapsed_ms": 0.98, "code": "x = 10\nprint(x*2)", "output": "20\n", "reason": "Code executed successfully"}
{"timestamp": "2026-04-01T09:18:50.032037+00:00", "status": "allowed", "elapsed_ms": 2.07, "code": "print('Simplification complete!')", "output": "Simplification complete!\n", "reason": "Code executed successfully"}
{"timestamp": "2026-04-01T09:23:32.224079+00:00", "status": "allowed", "elapsed_ms": 0.72, "code": "print('pipeline ok')", "output": "pipeline ok\n", "reason": "Code executed successfully"}
{"timestamp": "2026-04-01T09:23:32.224940+00:00", "status": "blocked", "elapsed_ms": 0.07, "code": "import os", "output": "", "reason": "Import not allowed: os"}
{"timestamp": "2026-04-01T09:23:32.226066+00:00", "status": "allowed", "elapsed_ms": 0.56, "code": "x = 10\nprint(x*2)", "output": "20\n", "reason": "Code executed successfully"}
{"timestamp": "2026-04-01T09:24:11.503515+00:00", "status": "allowed", "elapsed_ms": 0.97, "code": "print('pipeline ok')", "output": "pipeline ok\n", "reason": "Code executed successfully"}
{"timestamp": "2026-04-01T09:24:11.504360+00:00", "status": "blocked", "elapsed_ms": 0.07, "code": "import os", "output": "", "reason": "Import not allowed: os"}
{"timestamp": "2026-04-01T09:24:11.505650+00:00", "status": "allowed", "elapsed_ms": 0.65, "code": "x = 10\nprint(x*2)", "output": "20\n", "reason": "Code executed successfully"}
{"timestamp": "2026-04-01T09:24:11.748778+00:00", "status": "allowed", "elapsed_ms": 1.54, "code": "print(5*5)", "output": "25\n", "reason": "Code executed successfully"}
{"timestamp": "2026-04-01T09:27:05.029872+00:00", "status": "blocked", "elapsed_ms": 27.71, "code": "# ==============================\n# SANDBOX TEST SUITE\n# ==============================\n\ndef sandbox_execute(code):\n    \"\"\"\n    Dummy placeholder.\n    Replace this with your actual sandbox function.\n    \"\"\"\n    return {\"status\": \"unknown\", \"output\": \"\", \"reason\": \"not implemented\"}\n\n\ndef run_test_case(name, code):\n    print(f\"\\n=== TEST: {name} ===\")\n    print(\"Code:\")\n    print(code)\n    \n    try:\n        result = sandbox_execute(code)\n        print(\"Result:\", result)\n    except Exception as e:\n... [1608 chars truncated]", "output": "", "reason": "Malicious string constant detected: String literal contains __import__"}
{"timestamp": "2026-04-01T09:28:50.421696+00:00", "status": "allowed", "elapsed_ms": 23.61, "code": "print(\"Hello World\")", "output": "Hello World\n", "reason": "Code executed successfully"}
{"timestamp": "2026-04-01T09:29:00.680878+00:00", "status": "blocked", "elapsed_ms": 5.23, "code": "import os", "output": "", "reason": "Import not allowed: os"}
{"timestamp": "2026-04-01T09:29:13.339545+00:00", "status": "blocked", "elapsed_ms": 0.22, "code": "open(\"test.txt\", \"w\")", "output": "", "reason": "Call to 'open' is not permitted in the sandbox"}
{"timestamp": "2026-04-01T09:29:24.831094+00:00", "status": "blocked", "elapsed_ms": 0.26, "code": "eval(\"2+2\")", "output": "", "reason": "Call to 'eval' is not permitted in the sandbox"}
{"timestamp": "2026-04-01T09:29:37.280860+00:00", "status": "timeout", "elapsed_ms": 2028.65, "code": "while True: pass", "output": "", "reason": "Execution timed out after 2s. Possible infinite loop or excessively long-running computation."}
{"timestamp": "2026-04-01T09:29:51.065971+00:00", "status": "allowed", "elapsed_ms": 1046.66, "code": "a = [1] * (10**8)", "output": "", "reason": "Code executed successfully"}
{"timestamp": "2026-04-01T09:31:02.446549+00:00", "status": "blocked", "elapsed_ms": 26.61, "code": "if (response.reason.includes(\"timeout\")) {\n    alert(\"\u26a0\ufe0f Execution stopped: Possible infinite loop detected!\");\n}", "output": "", "reason": "Syntax error: invalid syntax (<unknown>, line 1)"}
{"timestamp": "2026-04-01T09:31:22.178992+00:00", "status": "timeout", "elapsed_ms": 2090.22, "code": "while True: pass", "output": "", "reason": "Execution timed out after 2s. Possible infinite loop or excessively long-running computation."}
{"timestamp": "2026-04-01T09:31:32.309673+00:00", "status": "allowed", "elapsed_ms": 989.28, "code": "a = [1] * (10**8)", "output": "", "reason": "Code executed successfully"}
{"timestamp": "2026-04-01T09:34:36.541539+00:00", "status": "allowed", "elapsed_ms": 10.5, "code": "test code", "output": "test\n", "reason": "Test reason"}
{"timestamp": "2026-04-01T09:34:36.579474+00:00", "status": "blocked", "elapsed_ms": 1.84, "code": "import os", "output": "", "reason": "Import not allowed: os"}
{"timestamp": "2026-04-01T09:34:36.580143+00:00", "status": "blocked", "elapsed_ms": 0.08, "code": "import os", "output": "", "reason": "Import not allowed: os"}
{"timestamp": "2026-04-01T09:34:36.580821+00:00", "status": "blocked", "elapsed_ms": 0.06, "code": "import os", "output": "", "reason": "Import not allowed: os"}
{"timestamp": "2026-04-01T09:34:36.581334+00:00", "status": "blocked", "elapsed_ms": 0.06, "code": "import os", "output": "", "reason": "Import not allowed: os"}
{"timestamp": "2026-04-01T09:34:36.581744+00:00", "status": "blocked", "elapsed_ms": 0.05, "code": "import os", "output": "", "reason": "Import not allowed: os"}
{"timestamp": "2026-04-01T09:34:36.582218+00:00", "status": "blocked", "elapsed_ms": 0.09, "code": "import os", "output": "", "reason": "Import not allowed: os"}
{"timestamp": "2026-04-01T09:34:36.582638+00:00", "status": "blocked", "elapsed_ms": 0.05, "code": "import os", "output": "", "reason": "Import not allowed: os"}
{"timestamp": "2026-04-01T09:34:36.583070+00:00", "status": "blocked", "elapsed_ms": 0.05, "code": "import os", "output": "", "reason": "Import not allowed: os"}
{"timestamp": "2026-04-01T09:34:36.583591+00:00", "status": "blocked", "elapsed_ms": 0.05, "code": "import os", "output": "", "reason": "Import not allowed: os"}
{"timestamp": "2026-04-01T09:34:36.584017+00:00", "status": "blocked", "elapsed_ms": 0.05, "code": "import os", "output": "", "reason": "Import not allowed: os"}
{"timestamp": "2026-04-01T09:34:36.584876+00:00", "status": "blocked", "elapsed_ms": 0.04, "code": "import os", "output": "", "reason": "Import not allowed: os"}
{"timestamp": "2026-04-01T09:34:36.613648+00:00", "status": "allowed", "elapsed_ms": 0.77, "code": "print(42)", "output": "42\n", "reason": "Code executed successfully"}
{"timestamp": "2026-04-01T09:34:36.615398+00:00", "status": "blocked", "elapsed_ms": 0.06, "code": "import os", "output": "", "reason": "Import not allowed: os"}
{"timestamp": "2026-04-01T09:34:36.615943+00:00", "status": "blocked", "elapsed_ms": 0.1, "code": "import os", "output": "", "reason": "Import not allowed: os"}
{"timestamp": "2026-04-01T09:34:36.616594+00:00", "status": "blocked", "elapsed_ms": 0.08, "code": "import os", "output": "", "reason": "Import not allowed: os"}
{"timestamp": "2026-04-01T09:34:36.617274+00:00", "status": "blocked", "elapsed_ms": 0.06, "code": "import os", "output": "", "reason": "Import not allowed: os"}
{"timestamp": "2026-04-01T09:34:36.617784+00:00", "status": "blocked", "elapsed_ms": 0.05, "code": "import os", "output": "", "reason": "Import not allowed: os"}
{"timestamp": "2026-04-01T09:34:36.618318+00:00", "status": "blocked", "elapsed_ms": 0.05, "code": "import os", "output": "", "reason": "Import not allowed: os"}
{"timestamp": "2026-04-01T09:34:36.618787+00:00", "status": "blocked", "elapsed_ms": 0.05, "code": "import os", "output": "", "reason": "Import not allowed: os"}
{"timestamp": "2026-04-01T09:34:36.619505+00:00", "status": "blocked", "elapsed_ms": 0.22, "code": "import os", "output": "", "reason": "Import not allowed: os"}
{"timestamp": "2026-04-01T09:34:36.619973+00:00", "status": "blocked", "elapsed_ms": 0.05, "code": "import os", "output": "", "reason": "Import not allowed: os"}
{"timestamp": "2026-04-01T09:34:36.620416+00:00", "status": "blocked", "elapsed_ms": 0.05, "code": "import os", "output": "", "reason": "Import not allowed: os"}
{"timestamp": "2026-04-01T09:34:36.621038+00:00", "status": "blocked", "elapsed_ms": 0.06, "code": "import os", "output": "", "reason": "Import not allowed: os"}
{"timestamp": "2026-04-01T09:34:48.814088+00:00", "status": "allowed", "elapsed_ms": 1.19, "code": "print('pipeline ok')", "output": "pipeline ok\n", "reason": "Code executed successfully"}
{"timestamp": "2026-04-01T09:34:48.815163+00:00", "status": "blocked", "elapsed_ms": 0.08, "code": "import os", "output": "", "reason": "Import not allowed: os"}
{"timestamp": "2026-04-01T09:34:48.816792+00:00", "status": "allowed", "elapsed_ms": 0.88, "code": "x = 10\nprint(x*2)", "output": "20\n", "reason": "Code executed successfully"}
{"timestamp": "2026-04-01T09:34:51.912683+00:00", "status": "allowed", "elapsed_ms": 1.13, "code": "print('pipeline ok')", "output": "pipeline ok\n", "reason": "Code executed successfully"}
{"timestamp": "2026-04-01T09:34:51.913608+00:00", "status": "blocked", "elapsed_ms": 0.07, "code": "import os", "output": "", "reason": "Import not allowed: os"}
{"timestamp": "2026-04-01T09:34:51.914902+00:00", "status": "allowed", "elapsed_ms": 0.67, "code": "x = 10\nprint(x*2)", "output": "20\n", "reason": "Code executed successfully"}
